ParseStarterProject/build/intermediates/manifest_merge_blame_file/debug/manifest-merger-blame-debug-report.txt
1<?xml version="1.0" encoding="utf-8"?>
2<manifest xmlns:android="http://schemas.android.com/apk/res/android"
3    package="com.parse.starter"
4    android:versionCode="1"
5    android:versionName="1.0" >
6
7    <uses-sdk
8        android:minSdkVersion="14"
8-->src\main\AndroidManifest.xml
9        android:targetSdkVersion="26" />
9-->src\main\AndroidManifest.xml
10
11    <!--
12         The ACCESS_COARSE/FINE_LOCATION permissions are not required to use
13         Google Maps Android API v2, but you must specify either coarse or fine
14         location permissions for the "MyLocation" functionality.
15    -->
16
17    <uses-permission android:name="android.permission.READ_EXTERNAL_STORAGE" />
17-->src\main\AndroidManifest.xml:11:5-80
17-->src\main\AndroidManifest.xml:11:22-77
18    <uses-permission android:name="android.permission.INTERNET" />
18-->src\main\AndroidManifest.xml:12:5-67
18-->src\main\AndroidManifest.xml:12:22-64
19    <uses-permission android:name="android.permission.ACCESS_NETWORK_STATE" />
19-->src\main\AndroidManifest.xml:13:5-79
19-->src\main\AndroidManifest.xml:13:22-76
20    <uses-permission android:name="android.permission.ACCESS_COARSE_LOCATION" />
20-->src\main\AndroidManifest.xml:14:5-80
20-->src\main\AndroidManifest.xml:14:22-78
21    <uses-permission android:name="android.permission.ACCESS_FINE_LOCATION" />
21-->src\main\AndroidManifest.xml:15:5-79
21-->src\main\AndroidManifest.xml:15:22-76
22
23    <uses-feature
23-->[com.google.android.gms:play-services-maps:12.0.1] AndroidManifest.xml:26:5-28:35
24        android:glEsVersion="0x00020000"
24-->[com.google.android.gms:play-services-maps:12.0.1] AndroidManifest.xml:27:9-41
25        android:required="true" /> <!-- Optional permission for Analytics to run. -->
25-->[com.google.android.gms:play-services-maps:12.0.1] AndroidManifest.xml:28:9-32
26    <uses-permission android:name="android.permission.WAKE_LOCK" /> <!-- Required by older versions of Google Play services to create GCM registration tokens -->
26-->[com.google.android.gms:play-services-analytics:12.0.1] AndroidManifest.xml:27:5-68
26-->[com.google.android.gms:play-services-analytics:12.0.1] AndroidManifest.xml:27:22-65
27    <uses-permission android:name="com.google.android.c2dm.permission.RECEIVE" />
27-->[com.google.android.gms:play-services-gcm:12.0.1] AndroidManifest.xml:23:5-82
27-->[com.google.android.gms:play-services-gcm:12.0.1] AndroidManifest.xml:23:22-79
28
29    <permission
29-->[com.google.firebase:firebase-iid:12.0.1] AndroidManifest.xml:28:5-30:47
30        android:name="com.parse.starter.permission.C2D_MESSAGE"
30-->[com.google.firebase:firebase-iid:12.0.1] AndroidManifest.xml:29:9-63
31        android:protectionLevel="signature" />
31-->[com.google.firebase:firebase-iid:12.0.1] AndroidManifest.xml:30:9-44
32
33    <uses-permission android:name="com.parse.starter.permission.C2D_MESSAGE" />
33-->[com.google.firebase:firebase-iid:12.0.1] AndroidManifest.xml:32:5-79
33-->[com.google.firebase:firebase-iid:12.0.1] AndroidManifest.xml:32:22-76
34
35    <application
35-->src\main\AndroidManifest.xml:17:5-65:19
36        android:name="com.parse.starter.StarterApplication"
36-->src\main\AndroidManifest.xml:18:9-43
37        android:allowBackup="true"
37-->src\main\AndroidManifest.xml:19:9-35
38        android:appComponentFactory="androidx.core.app.CoreComponentFactory"
38-->[androidx.core:core:1.3.0] AndroidManifest.xml:24:18-86
39        android:debuggable="true"
40        android:icon="@mipmap/ic_launcher"
40-->src\main\AndroidManifest.xml:20:9-43
41        android:label="@string/app_name"
41-->src\main\AndroidManifest.xml:21:9-41
42        android:testOnly="true"
43        android:theme="@style/AppTheme" >
43-->src\main\AndroidManifest.xml:22:9-40
44
45        <!--
46             The API key for Google Maps-based APIs is defined as a string resource.
47             (See the file "res/values/google_maps_api.xml").
48             Note that the API key is linked to the encryption key used to sign the APK.
49             You need a different API key for each encryption key, including the release key that is used to
50             sign the APK for publishing.
51             You can define the keys for the debug and release targets in src/debug/ and src/release/.
52        -->
53
54        <meta-data
54-->src\main\AndroidManifest.xml:33:9-35:55
55            android:name="com.google.android.geo.API_KEY"
55-->src\main\AndroidManifest.xml:34:13-58
56            android:value="@string/google_maps_key" />
56-->src\main\AndroidManifest.xml:35:13-52
57
58        <activity
58-->src\main\AndroidManifest.xml:37:9-40:79
59            android:name="com.parse.starter.DriverLocationActivity"
59-->src\main\AndroidManifest.xml:38:13-51
60            android:hardwareAccelerated="true"
60-->src\main\AndroidManifest.xml:39:13-47
61            android:label="@string/title_activity_driver_location" />
61-->src\main\AndroidManifest.xml:40:13-67
62        <activity android:name="com.parse.starter.ViewRequestsActivity" />
62-->src\main\AndroidManifest.xml:42:9-58
62-->src\main\AndroidManifest.xml:42:19-55
63        <activity
63-->src\main\AndroidManifest.xml:43:9-46:60
64            android:name="com.parse.starter.RiderActivity"
64-->src\main\AndroidManifest.xml:44:13-42
65            android:hardwareAccelerated="true"
65-->src\main\AndroidManifest.xml:45:13-47
66            android:label="@string/title_activity_rider" />
66-->src\main\AndroidManifest.xml:46:13-57
67        <!--
68             The API key for Google Maps-based APIs is defined as a string resource.
69             (See the file "res/values/google_maps_api.xml").
70             Note that the API key is linked to the encryption key used to sign the APK.
71             You need a different API key for each encryption key, including the release key that is used to
72             sign the APK for publishing.
73             You can define the keys for the debug and release targets in src/debug/ and src/release/.
74        -->
75        <activity
75-->src\main\AndroidManifest.xml:55:9-64:20
76            android:name="com.parse.starter.MainActivity"
76-->src\main\AndroidManifest.xml:56:13-41
77            android:theme="@style/Theme.AppCompat.Light.NoActionBar" >
77-->src\main\AndroidManifest.xml:57:13-69
78            android:label="@string/app_name">
79            <intent-filter>
79-->src\main\AndroidManifest.xml:59:13-63:29
80                <action android:name="android.intent.action.MAIN" />
80-->src\main\AndroidManifest.xml:60:17-69
80-->src\main\AndroidManifest.xml:60:25-66
81
82                <category android:name="android.intent.category.LAUNCHER" />
82-->src\main\AndroidManifest.xml:62:17-77
82-->src\main\AndroidManifest.xml:62:27-74
83            </intent-filter>
84        </activity>
85
86        <receiver android:name="com.google.android.gms.cast.framework.media.MediaIntentReceiver" />
86-->[com.google.android.gms:play-services-cast-framework:12.0.1] AndroidManifest.xml:8:9-100
86-->[com.google.android.gms:play-services-cast-framework:12.0.1] AndroidManifest.xml:8:19-97
87
88        <service android:name="com.google.android.gms.cast.framework.media.MediaNotificationService" />
88-->[com.google.android.gms:play-services-cast-framework:12.0.1] AndroidManifest.xml:10:9-104
88-->[com.google.android.gms:play-services-cast-framework:12.0.1] AndroidManifest.xml:10:18-101
89        <service android:name="com.google.android.gms.cast.framework.ReconnectionService" /> <!-- Include the AdActivity and InAppPurchaseActivity configChanges and themes. -->
89-->[com.google.android.gms:play-services-cast-framework:12.0.1] AndroidManifest.xml:11:9-93
89-->[com.google.android.gms:play-services-cast-framework:12.0.1] AndroidManifest.xml:11:18-90
90        <activity
90-->[com.google.android.gms:play-services-ads-lite:12.0.1] AndroidManifest.xml:29:9-33:64
91            android:name="com.google.android.gms.ads.AdActivity"
91-->[com.google.android.gms:play-services-ads-lite:12.0.1] AndroidManifest.xml:30:13-65
92            android:configChanges="keyboard|keyboardHidden|orientation|screenLayout|uiMode|screenSize|smallestScreenSize"
92-->[com.google.android.gms:play-services-ads-lite:12.0.1] AndroidManifest.xml:31:13-122
93            android:exported="false"
93-->[com.google.android.gms:play-services-ads-lite:12.0.1] AndroidManifest.xml:32:13-37
94            android:theme="@android:style/Theme.Translucent" />
94-->[com.google.android.gms:play-services-ads-lite:12.0.1] AndroidManifest.xml:33:13-61
95
96        <receiver
96-->[com.google.android.gms:play-services-analytics:12.0.1] AndroidManifest.xml:30:9-34:20
97            android:name="com.google.android.gms.analytics.AnalyticsReceiver"
97-->[com.google.android.gms:play-services-analytics:12.0.1] AndroidManifest.xml:31:13-78
98            android:enabled="true"
98-->[com.google.android.gms:play-services-analytics:12.0.1] AndroidManifest.xml:32:13-35
99            android:exported="false" >
99-->[com.google.android.gms:play-services-analytics:12.0.1] AndroidManifest.xml:33:13-37
100        </receiver>
101
102        <service
102-->[com.google.android.gms:play-services-analytics:12.0.1] AndroidManifest.xml:36:9-39:40
103            android:name="com.google.android.gms.analytics.AnalyticsService"
103-->[com.google.android.gms:play-services-analytics:12.0.1] AndroidManifest.xml:37:13-77
104            android:enabled="true"
104-->[com.google.android.gms:play-services-analytics:12.0.1] AndroidManifest.xml:38:13-35
105            android:exported="false" />
105-->[com.google.android.gms:play-services-analytics:12.0.1] AndroidManifest.xml:39:13-37
106        <service
106-->[com.google.android.gms:play-services-analytics:12.0.1] AndroidManifest.xml:40:9-44:72
107            android:name="com.google.android.gms.analytics.AnalyticsJobService"
107-->[com.google.android.gms:play-services-analytics:12.0.1] AndroidManifest.xml:41:13-80
108            android:enabled="true"
108-->[com.google.android.gms:play-services-analytics:12.0.1] AndroidManifest.xml:42:13-35
109            android:exported="false"
109-->[com.google.android.gms:play-services-analytics:12.0.1] AndroidManifest.xml:43:13-37
110            android:permission="android.permission.BIND_JOB_SERVICE" />
110-->[com.google.android.gms:play-services-analytics:12.0.1] AndroidManifest.xml:44:13-69
111
112        <activity
112-->[com.google.android.gms:play-services-appinvite:12.0.1] AndroidManifest.xml:25:9-34:20
113            android:name="com.google.android.gms.appinvite.PreviewActivity"
113-->[com.google.android.gms:play-services-appinvite:12.0.1] AndroidManifest.xml:26:13-76
114            android:exported="true"
114-->[com.google.android.gms:play-services-appinvite:12.0.1] AndroidManifest.xml:27:13-36
115            android:theme="@style/Theme.AppInvite.Preview" >
115-->[com.google.android.gms:play-services-appinvite:12.0.1] AndroidManifest.xml:28:13-59
116            <intent-filter>
116-->[com.google.android.gms:play-services-appinvite:12.0.1] AndroidManifest.xml:29:13-33:29
117                <action android:name="com.google.android.gms.appinvite.ACTION_PREVIEW" />
117-->[com.google.android.gms:play-services-appinvite:12.0.1] AndroidManifest.xml:30:17-90
117-->[com.google.android.gms:play-services-appinvite:12.0.1] AndroidManifest.xml:30:25-87
118
119                <category android:name="android.intent.category.DEFAULT" />
119-->[com.google.android.gms:play-services-appinvite:12.0.1] AndroidManifest.xml:32:17-76
119-->[com.google.android.gms:play-services-appinvite:12.0.1] AndroidManifest.xml:32:27-73
120            </intent-filter>
121        </activity>
122        <activity
122-->[com.google.android.gms:play-services-auth:12.0.1] AndroidManifest.xml:23:9-27:75
123            android:name="com.google.android.gms.auth.api.signin.internal.SignInHubActivity"
123-->[com.google.android.gms:play-services-auth:12.0.1] AndroidManifest.xml:24:13-93
124            android:excludeFromRecents="true"
124-->[com.google.android.gms:play-services-auth:12.0.1] AndroidManifest.xml:25:13-46
125            android:exported="false"
125-->[com.google.android.gms:play-services-auth:12.0.1] AndroidManifest.xml:26:13-37
126            android:theme="@android:style/Theme.Translucent.NoTitleBar" />
126-->[com.google.android.gms:play-services-auth:12.0.1] AndroidManifest.xml:27:13-72
127        <!--
128            Service handling Google Sign-In user revocation. For apps that do not integrate with
129            Google Sign-In, this service will never be started.
130        -->
131        <service
131-->[com.google.android.gms:play-services-auth:12.0.1] AndroidManifest.xml:33:9-36:110
132            android:name="com.google.android.gms.auth.api.signin.RevocationBoundService"
132-->[com.google.android.gms:play-services-auth:12.0.1] AndroidManifest.xml:34:13-89
133            android:exported="true"
133-->[com.google.android.gms:play-services-auth:12.0.1] AndroidManifest.xml:35:13-36
134            android:permission="com.google.android.gms.auth.api.signin.permission.REVOCATION_NOTIFICATION" />
134-->[com.google.android.gms:play-services-auth:12.0.1] AndroidManifest.xml:36:13-107
135
136        <activity
136-->[com.google.firebase:firebase-auth:12.0.1] AndroidManifest.xml:23:9-29:75
137            android:name="com.google.firebase.auth.internal.FederatedSignInActivity"
137-->[com.google.firebase:firebase-auth:12.0.1] AndroidManifest.xml:24:13-85
138            android:excludeFromRecents="true"
138-->[com.google.firebase:firebase-auth:12.0.1] AndroidManifest.xml:25:13-46
139            android:exported="true"
139-->[com.google.firebase:firebase-auth:12.0.1] AndroidManifest.xml:26:13-36
140            android:launchMode="singleInstance"
140-->[com.google.firebase:firebase-auth:12.0.1] AndroidManifest.xml:27:13-48
141            android:permission="com.google.firebase.auth.api.gms.permission.LAUNCH_FEDERATED_SIGN_IN"
141-->[com.google.firebase:firebase-auth:12.0.1] AndroidManifest.xml:28:13-102
142            android:theme="@android:style/Theme.Translucent.NoTitleBar" />
142-->[com.google.firebase:firebase-auth:12.0.1] AndroidManifest.xml:29:13-72
143        <activity
143-->[com.google.android.gms:play-services-base:12.0.1] AndroidManifest.xml:23:9-26:75
144            android:name="com.google.android.gms.common.api.GoogleApiActivity"
144-->[com.google.android.gms:play-services-base:12.0.1] AndroidManifest.xml:24:13-79
145            android:exported="false"
145-->[com.google.android.gms:play-services-base:12.0.1] AndroidManifest.xml:25:13-37
146            android:theme="@android:style/Theme.Translucent.NoTitleBar" />
146-->[com.google.android.gms:play-services-base:12.0.1] AndroidManifest.xml:26:13-72
147        <!--
148             FirebaseMessagingService performs security checks at runtime,
149             no need for explicit permissions despite exported="true"
150        -->
151        <service
151-->[com.google.firebase:firebase-messaging:12.0.1] AndroidManifest.xml:28:9-34:19
152            android:name="com.google.firebase.messaging.FirebaseMessagingService"
152-->[com.google.firebase:firebase-messaging:12.0.1] AndroidManifest.xml:29:13-82
153            android:exported="true" >
153-->[com.google.firebase:firebase-messaging:12.0.1] AndroidManifest.xml:30:13-36
154            <intent-filter android:priority="-500" >
154-->[com.google.firebase:firebase-messaging:12.0.1] AndroidManifest.xml:31:13-33:29
154-->[com.google.firebase:firebase-messaging:12.0.1] AndroidManifest.xml:31:28-51
155                <action android:name="com.google.firebase.MESSAGING_EVENT" />
155-->[com.google.firebase:firebase-messaging:12.0.1] AndroidManifest.xml:32:17-78
155-->[com.google.firebase:firebase-messaging:12.0.1] AndroidManifest.xml:32:25-75
156            </intent-filter>
157        </service>
158        <service
158-->[com.google.android.gms:play-services-tagmanager-api:12.0.1] AndroidManifest.xml:27:9-30:40
159            android:name="com.google.android.gms.tagmanager.TagManagerService"
159-->[com.google.android.gms:play-services-tagmanager-api:12.0.1] AndroidManifest.xml:28:13-79
160            android:enabled="true"
160-->[com.google.android.gms:play-services-tagmanager-api:12.0.1] AndroidManifest.xml:29:13-35
161            android:exported="false" />
161-->[com.google.android.gms:play-services-tagmanager-api:12.0.1] AndroidManifest.xml:30:13-37
162
163        <activity
163-->[com.google.android.gms:play-services-tagmanager-api:12.0.1] AndroidManifest.xml:32:9-44:20
164            android:name="com.google.android.gms.tagmanager.TagManagerPreviewActivity"
164-->[com.google.android.gms:play-services-tagmanager-api:12.0.1] AndroidManifest.xml:33:13-87
165            android:exported="true"
165-->[com.google.android.gms:play-services-tagmanager-api:12.0.1] AndroidManifest.xml:34:13-36
166            android:noHistory="true" > <!-- optional, removes the previewActivity from the activity stack. -->
166-->[com.google.android.gms:play-services-tagmanager-api:12.0.1] AndroidManifest.xml:35:13-37
167            <intent-filter>
167-->[com.google.android.gms:play-services-tagmanager-api:12.0.1] AndroidManifest.xml:36:13-43:29
168                <data android:scheme="tagmanager.c.com.parse.starter" />
168-->[com.google.android.gms:play-services-tagmanager-api:12.0.1] AndroidManifest.xml:37:17-72
168-->[com.google.android.gms:play-services-tagmanager-api:12.0.1] AndroidManifest.xml:37:23-69
169
170                <action android:name="android.intent.action.VIEW" />
170-->[com.google.android.gms:play-services-tagmanager-api:12.0.1] AndroidManifest.xml:39:17-69
170-->[com.google.android.gms:play-services-tagmanager-api:12.0.1] AndroidManifest.xml:39:25-66
171
172                <category android:name="android.intent.category.DEFAULT" />
172-->[com.google.android.gms:play-services-appinvite:12.0.1] AndroidManifest.xml:32:17-76
172-->[com.google.android.gms:play-services-appinvite:12.0.1] AndroidManifest.xml:32:27-73
173                <category android:name="android.intent.category.BROWSABLE" />
173-->[com.google.android.gms:play-services-tagmanager-api:12.0.1] AndroidManifest.xml:42:17-78
173-->[com.google.android.gms:play-services-tagmanager-api:12.0.1] AndroidManifest.xml:42:27-75
174            </intent-filter>
175        </activity>
176
177        <receiver
177-->[com.google.firebase:firebase-analytics:12.0.1] AndroidManifest.xml:28:9-32:20
178            android:name="com.google.android.gms.measurement.AppMeasurementReceiver"
178-->[com.google.firebase:firebase-analytics:12.0.1] AndroidManifest.xml:29:13-85
179            android:enabled="true"
179-->[com.google.firebase:firebase-analytics:12.0.1] AndroidManifest.xml:30:13-35
180            android:exported="false" >
180-->[com.google.firebase:firebase-analytics:12.0.1] AndroidManifest.xml:31:13-37
181        </receiver>
182        <receiver
182-->[com.google.firebase:firebase-analytics:12.0.1] AndroidManifest.xml:33:9-41:20
183            android:name="com.google.android.gms.measurement.AppMeasurementInstallReferrerReceiver"
183-->[com.google.firebase:firebase-analytics:12.0.1] AndroidManifest.xml:34:13-100
184            android:enabled="true"
184-->[com.google.firebase:firebase-analytics:12.0.1] AndroidManifest.xml:35:13-35
185            android:exported="true"
185-->[com.google.firebase:firebase-analytics:12.0.1] AndroidManifest.xml:36:13-36
186            android:permission="android.permission.INSTALL_PACKAGES" >
186-->[com.google.firebase:firebase-analytics:12.0.1] AndroidManifest.xml:37:13-69
187            <intent-filter>
187-->[com.google.firebase:firebase-analytics:12.0.1] AndroidManifest.xml:38:13-40:29
188                <action android:name="com.android.vending.INSTALL_REFERRER" />
188-->[com.google.firebase:firebase-analytics:12.0.1] AndroidManifest.xml:39:17-79
188-->[com.google.firebase:firebase-analytics:12.0.1] AndroidManifest.xml:39:25-76
189            </intent-filter>
190        </receiver>
191
192        <service
192-->[com.google.firebase:firebase-analytics:12.0.1] AndroidManifest.xml:43:9-46:40
193            android:name="com.google.android.gms.measurement.AppMeasurementService"
193-->[com.google.firebase:firebase-analytics:12.0.1] AndroidManifest.xml:44:13-84
194            android:enabled="true"
194-->[com.google.firebase:firebase-analytics:12.0.1] AndroidManifest.xml:45:13-35
195            android:exported="false" />
195-->[com.google.firebase:firebase-analytics:12.0.1] AndroidManifest.xml:46:13-37
196        <service
196-->[com.google.firebase:firebase-analytics:12.0.1] AndroidManifest.xml:47:9-51:72
197            android:name="com.google.android.gms.measurement.AppMeasurementJobService"
197-->[com.google.firebase:firebase-analytics:12.0.1] AndroidManifest.xml:48:13-87
198            android:enabled="true"
198-->[com.google.firebase:firebase-analytics:12.0.1] AndroidManifest.xml:49:13-35
199            android:exported="false"
199-->[com.google.firebase:firebase-analytics:12.0.1] AndroidManifest.xml:50:13-37
200            android:permission="android.permission.BIND_JOB_SERVICE" />
200-->[com.google.firebase:firebase-analytics:12.0.1] AndroidManifest.xml:51:13-69
201
202        <receiver
202-->[com.google.firebase:firebase-iid:12.0.1] AndroidManifest.xml:35:9-44:20
203            android:name="com.google.firebase.iid.FirebaseInstanceIdReceiver"
203-->[com.google.firebase:firebase-iid:12.0.1] AndroidManifest.xml:36:13-78
204            android:exported="true"
204-->[com.google.firebase:firebase-iid:12.0.1] AndroidManifest.xml:37:13-36
205            android:permission="com.google.android.c2dm.permission.SEND" >
205-->[com.google.firebase:firebase-iid:12.0.1] AndroidManifest.xml:38:13-73
206            <intent-filter>
206-->[com.google.firebase:firebase-iid:12.0.1] AndroidManifest.xml:39:13-43:29
207                <action android:name="com.google.android.c2dm.intent.RECEIVE" />
207-->[com.google.firebase:firebase-iid:12.0.1] AndroidManifest.xml:40:17-81
207-->[com.google.firebase:firebase-iid:12.0.1] AndroidManifest.xml:40:25-78
208
209                <category android:name="com.parse.starter" />
209-->[com.google.firebase:firebase-iid:12.0.1] AndroidManifest.xml:42:17-61
209-->[com.google.firebase:firebase-iid:12.0.1] AndroidManifest.xml:42:27-58
210            </intent-filter>
211        </receiver>
212        <!--
213             FirebaseInstanceIdService performs security checks at runtime,
214             no need for explicit permissions despite exported="true"
215        -->
216        <service
216-->[com.google.firebase:firebase-iid:12.0.1] AndroidManifest.xml:50:9-56:19
217            android:name="com.google.firebase.iid.FirebaseInstanceIdService"
217-->[com.google.firebase:firebase-iid:12.0.1] AndroidManifest.xml:51:13-77
218            android:exported="true" >
218-->[com.google.firebase:firebase-iid:12.0.1] AndroidManifest.xml:52:13-36
219            <intent-filter android:priority="-500" >
219-->[com.google.firebase:firebase-iid:12.0.1] AndroidManifest.xml:53:13-55:29
219-->[com.google.firebase:firebase-iid:12.0.1] AndroidManifest.xml:53:28-51
220                <action android:name="com.google.firebase.INSTANCE_ID_EVENT" />
220-->[com.google.firebase:firebase-iid:12.0.1] AndroidManifest.xml:54:17-80
220-->[com.google.firebase:firebase-iid:12.0.1] AndroidManifest.xml:54:25-77
221            </intent-filter>
222        </service>
223
224        <provider
224-->[com.google.firebase:firebase-common:12.0.1] AndroidManifest.xml:8:9-12:39
225            android:name="com.google.firebase.provider.FirebaseInitProvider"
225-->[com.google.firebase:firebase-common:12.0.1] AndroidManifest.xml:9:13-77
226            android:authorities="com.parse.starter.firebaseinitprovider"
226-->[com.google.firebase:firebase-common:12.0.1] AndroidManifest.xml:10:13-72
227            android:exported="false"
227-->[com.google.firebase:firebase-common:12.0.1] AndroidManifest.xml:11:13-37
228            android:initOrder="100" />
228-->[com.google.firebase:firebase-common:12.0.1] AndroidManifest.xml:12:13-36
229
230        <meta-data
230-->[com.google.android.gms:play-services-basement:12.0.1] AndroidManifest.xml:23:9-25:69
231            android:name="com.google.android.gms.version"
231-->[com.google.android.gms:play-services-basement:12.0.1] AndroidManifest.xml:24:13-58
232            android:value="@integer/google_play_services_version" />
232-->[com.google.android.gms:play-services-basement:12.0.1] AndroidManifest.xml:25:13-66
233    </application>
234
235</manifest>